<?xml version="1.0" encoding="UTF-8"?>
<!-- Generated by org.testng.reporters.JUnitReportReporter -->
<testsuite hostname="MR-BISWAL" failures="0" tests="5" name="testcases.Tc003LoginDataDrivenTest" time="46.852" errors="0" timestamp="2024-02-05T07:41:37 IST" skipped="0">
  <testcase classname="testcases.Tc003LoginDataDrivenTest" name="test_LoginDDT" time="11.043"/>
  <testcase classname="testcases.Tc003LoginDataDrivenTest" name="test_LoginDDT" time="2.520"/>
  <testcase classname="testcases.Tc003LoginDataDrivenTest" name="test_LoginDDT" time="10.978"/>
  <testcase classname="testcases.Tc003LoginDataDrivenTest" name="test_LoginDDT" time="11.107"/>
  <testcase classname="testcases.Tc003LoginDataDrivenTest" name="test_LoginDDT" time="11.204"/>
</testsuite> <!-- testcases.Tc003LoginDataDrivenTest -->
