<?xml version="1.0" encoding="UTF-8"?>
<!-- Generated by org.testng.reporters.JUnitReportReporter -->
<testsuite hostname="MR-BISWAL" failures="0" tests="1" name="testcases.Tc001AccountRegistration" time="3.925" errors="0" timestamp="2024-02-04T12:40:47 IST" skipped="0">
  <testcase classname="testcases.Tc001AccountRegistration" name="test_account_registration" time="3.925"/>
</testsuite> <!-- testcases.Tc001AccountRegistration -->
