<?xml version="1.0" encoding="UTF-8"?>
<!-- Generated by org.testng.reporters.JUnitReportReporter -->
<testsuite hostname="MR-BISWAL" failures="0" tests="1" name="testcases.Tc002LoginTest" time="1.248" errors="0" timestamp="2024-02-05T07:57:32 IST" skipped="0">
  <testcase classname="testcases.Tc002LoginTest" name="test_login" time="1.248"/>
</testsuite> <!-- testcases.Tc002LoginTest -->
