<?xml version="1.0" encoding="UTF-8"?>
<!-- Generated by org.testng.reporters.JUnitReportReporter -->
<testsuite hostname="MR-BISWAL" failures="0" tests="1" name="testcases.Tc001AccountRegistration" time="4.360" errors="0" timestamp="2024-02-05T07:57:32 IST" skipped="0">
  <testcase classname="testcases.Tc001AccountRegistration" name="test_account_registration" time="4.360"/>
</testsuite> <!-- testcases.Tc001AccountRegistration -->
